nohup: ignoring input

  .   ____          _            __ _ _
 /\\ / ___'_ __ _ _(_)_ __  __ _ \ \ \ \
( ( )\___ | '_ | '_| | '_ \/ _` | \ \ \ \
 \\/  ___)| |_)| | | | | || (_| |  ) ) ) )
  '  |____| .__|_| |_|_| |_\__, | / / / /
 =========|_|==============|___/=/_/_/_/

 :: Spring Boot ::                (v4.0.2)

2026-01-25T01:04:47.510+08:00  INFO 92556 --- [backend] [           main] com.frh.backend.BackendApplication       : Starting BackendApplication v0.0.1-SNAPSHOT using Java 21.0.8 with PID 92556 (/root/Food-Rescue-Hub-/backend/target/backend-0.0.1-SNAPSHOT.jar started by root in /root/Food-Rescue-Hub-/backend)
2026-01-25T01:04:47.515+08:00  INFO 92556 --- [backend] [           main] com.frh.backend.BackendApplication       : No active profile set, falling back to 1 default profile: "default"
2026-01-25T01:04:48.177+08:00  INFO 92556 --- [backend] [           main] .s.d.r.c.RepositoryConfigurationDelegate : Bootstrapping Spring Data JPA repositories in DEFAULT mode.
2026-01-25T01:04:48.244+08:00  INFO 92556 --- [backend] [           main] .s.d.r.c.RepositoryConfigurationDelegate : Finished Spring Data repository scanning in 57 ms. Found 1 JPA repository interface.
2026-01-25T01:04:48.660+08:00  INFO 92556 --- [backend] [           main] o.s.boot.tomcat.TomcatWebServer          : Tomcat initialized with port 8081 (http)
2026-01-25T01:04:48.673+08:00  INFO 92556 --- [backend] [           main] o.apache.catalina.core.StandardService   : Starting service [Tomcat]
2026-01-25T01:04:48.674+08:00  INFO 92556 --- [backend] [           main] o.apache.catalina.core.StandardEngine    : Starting Servlet engine: [Apache Tomcat/11.0.15]
2026-01-25T01:04:48.699+08:00  INFO 92556 --- [backend] [           main] b.w.c.s.WebApplicationContextInitializer : Root WebApplicationContext: initialization completed in 1124 ms
2026-01-25T01:04:48.877+08:00  INFO 92556 --- [backend] [           main] org.hibernate.orm.jpa                    : HHH008540: Processing PersistenceUnitInfo [name: default]
2026-01-25T01:04:48.919+08:00  INFO 92556 --- [backend] [           main] org.hibernate.orm.core                   : HHH000001: Hibernate ORM core version 7.2.1.Final
2026-01-25T01:04:49.365+08:00  INFO 92556 --- [backend] [           main] o.s.o.j.p.SpringPersistenceUnitInfo      : No LoadTimeWeaver setup: ignoring JPA class transformer
2026-01-25T01:04:49.394+08:00  INFO 92556 --- [backend] [           main] com.zaxxer.hikari.HikariDataSource       : HikariPool-1 - Starting...
2026-01-25T01:04:49.534+08:00  INFO 92556 --- [backend] [           main] com.zaxxer.hikari.pool.HikariPool        : HikariPool-1 - Added connection conn0: url=jdbc:h2:mem:testdb user=SA
2026-01-25T01:04:49.536+08:00  INFO 92556 --- [backend] [           main] com.zaxxer.hikari.HikariDataSource       : HikariPool-1 - Start completed.
2026-01-25T01:04:49.582+08:00  INFO 92556 --- [backend] [           main] org.hibernate.orm.connections.pooling    : HHH10001005: Database info:
	Database JDBC URL [jdbc:h2:mem:testdb]
	Database driver: H2 JDBC Driver
	Database dialect: H2Dialect
	Database version: 2.4.240
	Default catalog/schema: TESTDB/PUBLIC
	Autocommit mode: undefined/unknown
	Isolation level: READ_COMMITTED [default READ_COMMITTED]
	JDBC fetch size: 100
	Pool: DataSourceConnectionProvider
	Minimum pool size: undefined/unknown
	Maximum pool size: undefined/unknown
2026-01-25T01:04:50.426+08:00  INFO 92556 --- [backend] [           main] org.hibernate.orm.core                   : HHH000489: No JTA platform available (set 'hibernate.transaction.jta.platform' to enable JTA platform integration)
2026-01-25T01:04:50.501+08:00  INFO 92556 --- [backend] [           main] j.LocalContainerEntityManagerFactoryBean : Initialized JPA EntityManagerFactory for persistence unit 'default'
2026-01-25T01:04:50.580+08:00  WARN 92556 --- [backend] [           main] JpaBaseConfiguration$JpaWebConfiguration : spring.jpa.open-in-view is enabled by default. Therefore, database queries may be performed during view rendering. Explicitly configure spring.jpa.open-in-view to disable this warning
2026-01-25T01:04:50.962+08:00  INFO 92556 --- [backend] [           main] o.s.d.j.r.query.QueryEnhancerFactories   : Hibernate is in classpath; If applicable, HQL parser will be used.
2026-01-25T01:04:51.105+08:00  INFO 92556 --- [backend] [           main] o.s.boot.tomcat.TomcatWebServer          : Tomcat started on port 8081 (http) with context path '/'
2026-01-25T01:04:51.118+08:00  INFO 92556 --- [backend] [           main] com.frh.backend.BackendApplication       : Started BackendApplication in 4.004 seconds (process running for 4.472)
Inserted demo people into 'test' table (JDBC)
2026-01-25T01:05:02.066+08:00  INFO 92556 --- [backend] [nio-8081-exec-1] o.a.c.c.C.[Tomcat].[localhost].[/]       : Initializing Spring DispatcherServlet 'dispatcherServlet'
2026-01-25T01:05:02.067+08:00  INFO 92556 --- [backend] [nio-8081-exec-1] o.s.web.servlet.DispatcherServlet        : Initializing Servlet 'dispatcherServlet'
2026-01-25T01:05:02.068+08:00  INFO 92556 --- [backend] [nio-8081-exec-1] o.s.web.servlet.DispatcherServlet        : Completed initialization in 1 ms
